2018-07-17T14:42:52+08:00 [dq] [I] [app.go:149] dq starting up
2018-07-17T14:42:52+08:00 [dq] [I] [app.go:151] runtime.GOOS:windows
2018-07-17T14:42:52+08:00 [dq] [I] [app.go:153] ---models:4
2018-07-17T14:42:52+08:00 [dq] [I] [app.go:162] new model :Gate
2018-07-17T14:42:52+08:00 [dq] [I] [gate.go:75] WSAddr::1117
2018-07-17T14:42:52+08:00 [dq] [I] [tcp_server.go:82] ------Listen:127.0.0.1:1234
2018-07-17T14:42:52+08:00 [dq] [I] [ws_server.go:164] ------Listen::1117
2018-07-17T14:42:52+08:00 [dq] [I] [app.go:162] new model :Login
2018-07-17T14:42:52+08:00 [dq] [I] [app.go:162] new model :Hall
2018-07-17T14:42:52+08:00 [dq] [I] [app.go:162] new model :Game5G
2018-07-17T14:42:52+08:00 [dq] [D] [tcp_client.go:42] invalid ConnNum, reset to 1
2018-07-17T14:42:52+08:00 [dq] [D] [tcp_client.go:42] invalid ConnNum, reset to 1
2018-07-17T14:42:52+08:00 [dq] [D] [tcp_client.go:46] invalid ConnectInterval, reset to 3s
2018-07-17T14:42:52+08:00 [dq] [D] [tcp_client.go:50] invalid PendingWriteNum, reset to 200
2018-07-17T14:42:52+08:00 [dq] [D] [tcp_client.go:46] invalid ConnectInterval, reset to 3s
2018-07-17T14:42:52+08:00 [dq] [D] [tcp_client.go:50] invalid PendingWriteNum, reset to 200
2018-07-17T14:42:52+08:00 [dq] [D] [tcp_client.go:42] invalid ConnNum, reset to 1
2018-07-17T14:42:52+08:00 [dq] [D] [tcp_client.go:46] invalid ConnectInterval, reset to 3s
2018-07-17T14:42:52+08:00 [dq] [D] [tcp_client.go:50] invalid PendingWriteNum, reset to 200
2018-07-17T14:42:52+08:00 [dq] [I] [serverAgent.go:61] --register modetype:Hall
2018-07-17T14:42:52+08:00 [dq] [I] [serverAgent.go:61] --register modetype:Game5G
2018-07-17T14:42:52+08:00 [dq] [I] [serverAgent.go:61] --register modetype:Login
2018-07-17T14:42:52+08:00 [dq] [I] [db.go:926] ----id:1-----v:{1 系统 通知 亲爱的玩家:\n  欢迎来到蛇蛇！ -1 2018-04-28 [{1 100 -1}] [{"Type":1,"Count":100,"Time":-1}] 0 0}
2018-07-17T14:42:52+08:00 [dq] [I] [rank.go:96] ---seasonidindex--1--size-0
2018-07-17T14:42:52+08:00 [dq] [I] [rank.go:423] ---rankmap size:0
2018-07-17T14:43:22+08:00 [dq] [I] [rank.go:232] ---rank size:0
2018-07-17T14:43:22+08:00 [dq] [I] [rank.go:274] ----ranksort--time:0
2018-07-17T14:43:22+08:00 [dq] [I] [rank.go:213] ---CheckSeasonOver---
2018-07-17T14:43:52+08:00 [dq] [I] [rank.go:232] ---rank size:0
2018-07-17T14:43:52+08:00 [dq] [I] [rank.go:274] ----ranksort--time:0
2018-07-17T14:43:52+08:00 [dq] [I] [rank.go:213] ---CheckSeasonOver---
2018-07-17T14:44:22+08:00 [dq] [I] [rank.go:232] ---rank size:0
2018-07-17T14:44:22+08:00 [dq] [I] [rank.go:274] ----ranksort--time:0
2018-07-17T14:44:22+08:00 [dq] [I] [rank.go:213] ---CheckSeasonOver---
2018-07-17T14:44:52+08:00 [dq] [I] [rank.go:232] ---rank size:0
2018-07-17T14:44:52+08:00 [dq] [I] [rank.go:274] ----ranksort--time:0
2018-07-17T14:44:52+08:00 [dq] [I] [rank.go:213] ---CheckSeasonOver---
2018-07-17T14:45:22+08:00 [dq] [I] [rank.go:232] ---rank size:0
2018-07-17T14:45:22+08:00 [dq] [I] [rank.go:274] ----ranksort--time:1
2018-07-17T14:45:22+08:00 [dq] [I] [rank.go:213] ---CheckSeasonOver---
2018-07-17T14:45:52+08:00 [dq] [I] [rank.go:232] ---rank size:0
2018-07-17T14:45:52+08:00 [dq] [I] [rank.go:274] ----ranksort--time:0
2018-07-17T14:45:52+08:00 [dq] [I] [rank.go:213] ---CheckSeasonOver---
2018-07-17T14:46:22+08:00 [dq] [I] [rank.go:232] ---rank size:0
2018-07-17T14:46:22+08:00 [dq] [I] [rank.go:274] ----ranksort--time:0
2018-07-17T14:46:22+08:00 [dq] [I] [rank.go:213] ---CheckSeasonOver---
2018-07-17T14:46:49+08:00 [dq] [D] [app.go:214] dq closing down (signal: interrupt) 4
2018-07-17T14:46:49+08:00 [dq] [D] [game5gAgent.go:602] read message: read tcp 127.0.0.1:57363->127.0.0.1:1234: use of closed network connection
2018-07-17T14:46:49+08:00 [dq] [D] [loginAgent.go:216] read message: read tcp 127.0.0.1:57364->127.0.0.1:1234: use of closed network connection
